12.07.2017 06:22:04 | 

--------------------------------------  12.07.2017 06:22:04  --------------------------------------

12.07.2017 06:22:08 | Starting predivider.
12.07.2017 06:23:31 | Starting separator for user1
12.07.2017 06:23:31 | Starting separator for user2
12.07.2017 06:28:15 | sep1 done
12.07.2017 06:28:15 | sep2 done
12.07.2017 06:28:15 | All separators finished work
12.07.2017 06:28:16 | Starting key's exchanger.
12.07.2017 06:28:25 | Starting divider.
12.07.2017 06:30:03 | Starting empauto for user1
12.07.2017 06:30:03 | Starting empauto for user2
12.07.2017 06:31:17 | emp1 done
12.07.2017 06:31:17 | emp2 done
12.07.2017 06:31:17 | All empautos finished work
12.07.2017 06:31:18 | Starting withdraw for user1
12.07.2017 06:31:18 | Starting withdraw for user2
12.07.2017 06:41:06 | with1 done
12.07.2017 06:41:06 | with2 done
12.07.2017 06:41:06 | All users withdrawed
12.07.2017 06:43:08 | 

--------------------------------------  12.07.2017 06:43:08  --------------------------------------

12.07.2017 06:43:24 | Starting predivider.
12.07.2017 06:44:52 | Starting separator for user1
12.07.2017 06:44:52 | Starting separator for user2
12.07.2017 06:46:37 | sep1 done
12.07.2017 06:47:37 | sep2 done
12.07.2017 06:47:37 | All separators finished work
12.07.2017 06:47:38 | Starting key's exchanger.
12.07.2017 06:47:59 | Starting divider.
12.07.2017 06:49:30 | Starting empauto for user1
12.07.2017 06:49:30 | Starting empauto for user2
12.07.2017 06:50:04 | emp1 done
12.07.2017 06:50:04 | emp2 done
12.07.2017 06:50:04 | All empautos finished work
12.07.2017 06:50:05 | Starting withdraw for user1
12.07.2017 06:50:05 | Starting withdraw for user2
12.07.2017 06:57:10 | with1 done
12.07.2017 06:59:55 | with2 done
12.07.2017 06:59:55 | All users withdrawed
12.07.2017 07:01:21 | Starting predivider.
12.07.2017 07:02:53 | Starting separator for user1
12.07.2017 07:02:53 | Starting separator for user2
12.07.2017 07:04:42 | sep1 done
12.07.2017 07:05:09 | sep2 done
12.07.2017 07:05:09 | All separators finished work
12.07.2017 07:05:10 | Starting key's exchanger.
12.07.2017 07:05:16 | Starting divider.
12.07.2017 07:06:22 | Starting empauto for user1
12.07.2017 07:06:22 | Starting empauto for user2
12.07.2017 07:06:53 | emp1 done
12.07.2017 07:06:53 | emp2 done
12.07.2017 07:06:53 | All empautos finished work
12.07.2017 07:06:54 | Starting withdraw for user1
12.07.2017 07:06:54 | Starting withdraw for user2
12.07.2017 07:13:38 | with1 done
12.07.2017 07:13:57 | with2 done
12.07.2017 07:13:57 | All users withdrawed
12.07.2017 07:15:05 | Starting predivider.
12.07.2017 07:16:27 | Starting separator for user1
12.07.2017 07:16:27 | Starting separator for user2
12.07.2017 07:18:51 | sep1 done
12.07.2017 07:20:18 | sep2 done
12.07.2017 07:20:18 | All separators finished work
12.07.2017 07:20:19 | Starting key's exchanger.
12.07.2017 07:21:06 | Starting divider.
12.07.2017 07:22:37 | Starting empauto for user1
12.07.2017 07:22:37 | Starting empauto for user2
12.07.2017 07:23:17 | emp1 done
12.07.2017 07:23:17 | emp2 done
12.07.2017 07:23:17 | All empautos finished work
12.07.2017 07:23:18 | Starting withdraw for user1
12.07.2017 07:23:18 | Starting withdraw for user2
12.07.2017 07:27:31 | with1 done
12.07.2017 07:28:58 | with2 done
12.07.2017 07:28:58 | All users withdrawed
12.07.2017 07:30:18 | Starting predivider.
12.07.2017 07:31:46 | Starting separator for user1
12.07.2017 07:31:46 | Starting separator for user2
12.07.2017 07:34:29 | sep1 done
12.07.2017 07:35:11 | sep2 done
12.07.2017 07:35:11 | All separators finished work
12.07.2017 07:35:12 | Starting key's exchanger.
12.07.2017 07:36:09 | Starting divider.
12.07.2017 07:37:39 | Starting empauto for user1
12.07.2017 07:37:39 | Starting empauto for user2
12.07.2017 07:38:19 | emp1 done
12.07.2017 07:38:19 | emp2 done
12.07.2017 07:38:19 | All empautos finished work
12.07.2017 07:38:20 | Starting withdraw for user1
12.07.2017 07:38:20 | Starting withdraw for user2
12.07.2017 07:48:29 | with1 done
12.07.2017 07:48:42 | with2 done
12.07.2017 07:48:42 | All users withdrawed
12.07.2017 07:49:53 | Starting predivider.
12.07.2017 07:51:21 | Starting separator for user1
12.07.2017 07:51:21 | Starting separator for user2
12.07.2017 07:54:52 | sep1 done
12.07.2017 07:54:52 | sep2 done
12.07.2017 07:54:52 | All separators finished work
12.07.2017 07:54:53 | Starting key's exchanger.
12.07.2017 07:54:58 | Starting divider.
12.07.2017 07:56:30 | Starting empauto for user1
12.07.2017 07:56:30 | Starting empauto for user2
12.07.2017 07:57:01 | emp1 done
12.07.2017 07:57:01 | emp2 done
12.07.2017 07:57:01 | All empautos finished work
12.07.2017 07:57:02 | Starting withdraw for user1
12.07.2017 07:57:02 | Starting withdraw for user2
12.07.2017 08:07:28 | with1 done
12.07.2017 08:08:47 | with2 done
12.07.2017 08:08:47 | All users withdrawed
12.07.2017 08:17:53 | Starting predivider.
12.07.2017 08:19:22 | Starting separator for user1
12.07.2017 08:19:22 | Starting separator for user2
12.07.2017 08:21:53 | sep1 done
12.07.2017 08:25:05 | sep2 done
12.07.2017 08:25:05 | All separators finished work
12.07.2017 08:25:06 | Starting key's exchanger.
12.07.2017 08:25:14 | Starting divider.
12.07.2017 08:26:55 | Starting empauto for user1
12.07.2017 08:26:55 | Starting empauto for user2
12.07.2017 08:28:11 | emp1 done
12.07.2017 08:28:11 | emp2 done
12.07.2017 08:28:11 | All empautos finished work
12.07.2017 08:28:12 | Starting withdraw for user1
12.07.2017 08:28:12 | Starting withdraw for user2
12.07.2017 08:42:09 | with1 done
12.07.2017 08:42:09 | with2 done
12.07.2017 08:42:09 | All users withdrawed
12.07.2017 08:43:43 | Starting predivider.
12.07.2017 08:45:12 | Starting separator for user1
12.07.2017 08:45:12 | Starting separator for user2
12.07.2017 08:49:54 | sep1 done
12.07.2017 08:49:54 | sep2 done
12.07.2017 08:49:54 | All separators finished work
12.07.2017 08:49:55 | Starting key's exchanger.
12.07.2017 08:50:02 | Starting divider.
12.07.2017 08:51:34 | Starting empauto for user1
12.07.2017 08:51:34 | Starting empauto for user2
12.07.2017 08:52:45 | emp1 done
12.07.2017 08:52:45 | emp2 done
12.07.2017 08:52:45 | All empautos finished work
12.07.2017 08:52:46 | Starting withdraw for user1
12.07.2017 08:52:46 | Starting withdraw for user2
12.07.2017 09:07:21 | with1 done
12.07.2017 09:07:21 | with2 done
12.07.2017 09:07:21 | All users withdrawed
12.07.2017 09:09:05 | Starting predivider.
12.07.2017 09:10:09 | Starting separator for user1
12.07.2017 09:10:09 | Starting separator for user2
12.07.2017 09:16:17 | sep1 done
12.07.2017 09:16:17 | sep2 done
12.07.2017 09:16:17 | All separators finished work
12.07.2017 09:16:18 | Starting key's exchanger.
12.07.2017 09:16:31 | Starting divider.
12.07.2017 09:17:38 | Starting empauto for user1
12.07.2017 09:17:38 | Starting empauto for user2
12.07.2017 09:18:47 | emp1 done
12.07.2017 09:18:47 | emp2 done
12.07.2017 09:18:47 | All empautos finished work
12.07.2017 09:18:48 | Starting withdraw for user1
12.07.2017 09:18:48 | Starting withdraw for user2
12.07.2017 09:30:31 | with1 done
12.07.2017 09:30:31 | with2 done
12.07.2017 09:30:31 | All users withdrawed
12.07.2017 09:32:11 | Starting predivider.
12.07.2017 09:33:50 | Starting separator for user1
12.07.2017 09:33:50 | Starting separator for user2
12.07.2017 09:37:57 | sep1 done
12.07.2017 09:37:57 | sep2 done
12.07.2017 09:37:57 | All separators finished work
12.07.2017 09:37:58 | Starting key's exchanger.
12.07.2017 09:38:16 | Starting divider.
12.07.2017 09:39:46 | Starting empauto for user1
12.07.2017 09:39:46 | Starting empauto for user2
12.07.2017 09:40:25 | emp1 done
12.07.2017 09:40:28 | emp2 done
12.07.2017 09:40:28 | All empautos finished work
12.07.2017 09:40:29 | Starting withdraw for user1
12.07.2017 09:40:29 | Starting withdraw for user2
12.07.2017 09:46:24 | with1 done
12.07.2017 09:54:58 | with2 done
12.07.2017 09:54:58 | All users withdrawed
12.07.2017 09:56:05 | Starting predivider.
12.07.2017 09:57:33 | Starting separator for user1
12.07.2017 09:57:33 | Starting separator for user2
12.07.2017 10:02:47 | sep1 done
12.07.2017 10:07:50 | sep2 done
12.07.2017 10:07:50 | All separators finished work
12.07.2017 10:07:51 | Starting key's exchanger.
12.07.2017 10:09:57 | Starting divider.
12.07.2017 10:11:28 | Starting empauto for user1
12.07.2017 10:11:28 | Starting empauto for user2
12.07.2017 10:12:33 | emp1 done
12.07.2017 10:12:39 | emp2 done
12.07.2017 10:12:39 | All empautos finished work
12.07.2017 10:12:40 | Starting withdraw for user1
12.07.2017 10:12:40 | Starting withdraw for user2
12.07.2017 10:32:49 | with1 done
12.07.2017 10:34:30 | with2 done
12.07.2017 10:34:30 | All users withdrawed
12.07.2017 10:35:49 | Starting predivider.
12.07.2017 10:37:18 | Starting separator for user1
12.07.2017 10:37:18 | Starting separator for user2
12.07.2017 10:40:59 | sep1 done
12.07.2017 10:40:59 | sep2 done
12.07.2017 10:40:59 | All separators finished work
12.07.2017 10:41:00 | Starting key's exchanger.
12.07.2017 10:41:03 | Starting divider.
12.07.2017 10:42:09 | Starting empauto for user1
12.07.2017 10:42:09 | Starting empauto for user2
12.07.2017 10:42:50 | emp1 done
12.07.2017 10:54:40 | emp2 done
12.07.2017 10:54:40 | All empautos finished work
12.07.2017 10:54:41 | Starting withdraw for user1
12.07.2017 10:54:41 | Starting withdraw for user2
12.07.2017 11:05:59 | with1 done
12.07.2017 11:06:02 | with2 done
12.07.2017 11:06:02 | All users withdrawed
12.07.2017 11:07:32 | Starting predivider.
12.07.2017 11:09:06 | Starting separator for user1
12.07.2017 11:09:06 | Starting separator for user2
12.07.2017 11:14:02 | sep1 done
12.07.2017 11:14:42 | sep2 done
12.07.2017 11:14:42 | All separators finished work
12.07.2017 11:14:43 | Starting key's exchanger.
12.07.2017 11:14:52 | Starting divider.
12.07.2017 11:16:31 | Starting empauto for user1
12.07.2017 11:16:31 | Starting empauto for user2
12.07.2017 11:17:32 | emp1 done
12.07.2017 11:17:38 | emp2 done
12.07.2017 11:17:38 | All empautos finished work
12.07.2017 11:17:39 | Starting withdraw for user1
12.07.2017 11:17:39 | Starting withdraw for user2
12.07.2017 11:33:30 | with1 done
12.07.2017 11:33:30 | with2 done
12.07.2017 11:33:30 | All users withdrawed
12.07.2017 11:34:02 | Expecting value: line 1 column 1 (char 0)
12.07.2017 11:34:05 | Expecting value: line 1 column 1 (char 0)
12.07.2017 11:34:08 | Expecting value: line 1 column 1 (char 0)
12.07.2017 11:34:11 | Expecting value: line 1 column 1 (char 0)
12.07.2017 11:34:14 | Expecting value: line 1 column 1 (char 0)
12.07.2017 11:34:17 | Expecting value: line 1 column 1 (char 0)
12.07.2017 11:34:20 | Expecting value: line 1 column 1 (char 0)
12.07.2017 11:34:23 | Expecting value: line 1 column 1 (char 0)
12.07.2017 11:34:27 | Expecting value: line 1 column 1 (char 0)
12.07.2017 11:34:30 | Expecting value: line 1 column 1 (char 0)
12.07.2017 11:34:33 | Expecting value: line 1 column 1 (char 0)
12.07.2017 11:34:36 | Expecting value: line 1 column 1 (char 0)
12.07.2017 11:34:39 | Expecting value: line 1 column 1 (char 0)
12.07.2017 11:34:42 | Expecting value: line 1 column 1 (char 0)
12.07.2017 11:34:45 | Expecting value: line 1 column 1 (char 0)
12.07.2017 11:34:48 | Expecting value: line 1 column 1 (char 0)
12.07.2017 11:34:52 | Expecting value: line 1 column 1 (char 0)
12.07.2017 11:34:55 | Expecting value: line 1 column 1 (char 0)
12.07.2017 11:34:58 | Expecting value: line 1 column 1 (char 0)
12.07.2017 11:35:01 | Expecting value: line 1 column 1 (char 0)
12.07.2017 11:35:04 | Expecting value: line 1 column 1 (char 0)
12.07.2017 11:35:07 | Expecting value: line 1 column 1 (char 0)
12.07.2017 11:35:10 | Expecting value: line 1 column 1 (char 0)
12.07.2017 11:35:13 | Expecting value: line 1 column 1 (char 0)
12.07.2017 11:35:17 | Expecting value: line 1 column 1 (char 0)
12.07.2017 11:35:20 | Expecting value: line 1 column 1 (char 0)
12.07.2017 11:35:23 | Expecting value: line 1 column 1 (char 0)
12.07.2017 11:35:26 | Expecting value: line 1 column 1 (char 0)
12.07.2017 11:35:29 | Expecting value: line 1 column 1 (char 0)
12.07.2017 11:35:32 | Expecting value: line 1 column 1 (char 0)
12.07.2017 11:35:35 | Expecting value: line 1 column 1 (char 0)
12.07.2017 11:35:39 | Expecting value: line 1 column 1 (char 0)
12.07.2017 11:35:42 | Expecting value: line 1 column 1 (char 0)
12.07.2017 11:35:45 | Expecting value: line 1 column 1 (char 0)
12.07.2017 11:35:48 | Expecting value: line 1 column 1 (char 0)
12.07.2017 11:35:51 | Expecting value: line 1 column 1 (char 0)
12.07.2017 11:35:54 | Expecting value: line 1 column 1 (char 0)
12.07.2017 11:35:57 | Expecting value: line 1 column 1 (char 0)
12.07.2017 11:36:00 | Expecting value: line 1 column 1 (char 0)
12.07.2017 11:36:04 | Expecting value: line 1 column 1 (char 0)
12.07.2017 11:36:07 | Expecting value: line 1 column 1 (char 0)
12.07.2017 11:36:10 | Expecting value: line 1 column 1 (char 0)
12.07.2017 11:36:13 | Expecting value: line 1 column 1 (char 0)
12.07.2017 11:36:16 | Expecting value: line 1 column 1 (char 0)
12.07.2017 11:36:19 | Expecting value: line 1 column 1 (char 0)
12.07.2017 11:36:22 | Expecting value: line 1 column 1 (char 0)
12.07.2017 11:36:25 | Expecting value: line 1 column 1 (char 0)
12.07.2017 11:36:29 | Expecting value: line 1 column 1 (char 0)
12.07.2017 11:36:32 | Expecting value: line 1 column 1 (char 0)
12.07.2017 11:36:35 | Expecting value: line 1 column 1 (char 0)
12.07.2017 11:36:38 | Expecting value: line 1 column 1 (char 0)
12.07.2017 11:36:41 | Expecting value: line 1 column 1 (char 0)
12.07.2017 11:36:44 | Expecting value: line 1 column 1 (char 0)
12.07.2017 11:36:47 | Expecting value: line 1 column 1 (char 0)
12.07.2017 11:36:50 | Expecting value: line 1 column 1 (char 0)
12.07.2017 11:36:54 | Expecting value: line 1 column 1 (char 0)
12.07.2017 11:36:57 | Expecting value: line 1 column 1 (char 0)
12.07.2017 11:37:00 | Expecting value: line 1 column 1 (char 0)
12.07.2017 11:37:03 | Expecting value: line 1 column 1 (char 0)
12.07.2017 11:37:06 | Expecting value: line 1 column 1 (char 0)
12.07.2017 11:37:09 | Expecting value: line 1 column 1 (char 0)
12.07.2017 11:37:12 | Expecting value: line 1 column 1 (char 0)
12.07.2017 11:37:15 | Expecting value: line 1 column 1 (char 0)
12.07.2017 11:37:19 | Expecting value: line 1 column 1 (char 0)
12.07.2017 11:37:22 | Expecting value: line 1 column 1 (char 0)
12.07.2017 11:37:25 | Expecting value: line 1 column 1 (char 0)
12.07.2017 11:37:28 | Expecting value: line 1 column 1 (char 0)
12.07.2017 11:37:31 | Expecting value: line 1 column 1 (char 0)
12.07.2017 11:37:34 | Expecting value: line 1 column 1 (char 0)
12.07.2017 11:37:37 | Expecting value: line 1 column 1 (char 0)
12.07.2017 11:37:40 | Expecting value: line 1 column 1 (char 0)
12.07.2017 11:37:43 | Expecting value: line 1 column 1 (char 0)
12.07.2017 11:37:47 | Expecting value: line 1 column 1 (char 0)
12.07.2017 11:37:50 | Expecting value: line 1 column 1 (char 0)
12.07.2017 11:37:53 | Expecting value: line 1 column 1 (char 0)
12.07.2017 11:37:56 | Expecting value: line 1 column 1 (char 0)
12.07.2017 11:37:59 | Expecting value: line 1 column 1 (char 0)
12.07.2017 11:38:02 | Expecting value: line 1 column 1 (char 0)
12.07.2017 11:38:05 | Expecting value: line 1 column 1 (char 0)
12.07.2017 11:38:08 | Expecting value: line 1 column 1 (char 0)
12.07.2017 11:38:11 | Expecting value: line 1 column 1 (char 0)
12.07.2017 11:38:15 | Expecting value: line 1 column 1 (char 0)
12.07.2017 11:38:18 | Expecting value: line 1 column 1 (char 0)
12.07.2017 11:38:21 | Expecting value: line 1 column 1 (char 0)
12.07.2017 11:38:24 | Expecting value: line 1 column 1 (char 0)
12.07.2017 11:38:27 | Expecting value: line 1 column 1 (char 0)
12.07.2017 11:38:30 | Expecting value: line 1 column 1 (char 0)
12.07.2017 11:38:33 | Expecting value: line 1 column 1 (char 0)
12.07.2017 11:38:36 | Expecting value: line 1 column 1 (char 0)
12.07.2017 11:38:39 | Expecting value: line 1 column 1 (char 0)
12.07.2017 11:38:43 | Expecting value: line 1 column 1 (char 0)
12.07.2017 11:38:46 | Expecting value: line 1 column 1 (char 0)
12.07.2017 11:38:49 | Expecting value: line 1 column 1 (char 0)
12.07.2017 11:38:52 | Expecting value: line 1 column 1 (char 0)
12.07.2017 11:38:55 | Expecting value: line 1 column 1 (char 0)
12.07.2017 11:39:06 | string indices must be integers
12.07.2017 11:39:20 | string indices must be integers
12.07.2017 11:39:36 | string indices must be integers
12.07.2017 11:39:41 | string indices must be integers
12.07.2017 11:39:51 | string indices must be integers
12.07.2017 11:39:56 | string indices must be integers
12.07.2017 11:40:00 | string indices must be integers
12.07.2017 11:40:05 | string indices must be integers
12.07.2017 11:40:11 | string indices must be integers
12.07.2017 11:40:16 | string indices must be integers
12.07.2017 11:40:21 | string indices must be integers
12.07.2017 11:40:26 | string indices must be integers
12.07.2017 11:40:30 | string indices must be integers
12.07.2017 11:40:35 | string indices must be integers
12.07.2017 11:40:40 | string indices must be integers
12.07.2017 11:40:44 | string indices must be integers
12.07.2017 11:40:49 | string indices must be integers
12.07.2017 11:40:54 | string indices must be integers
12.07.2017 11:40:58 | string indices must be integers
12.07.2017 11:41:03 | string indices must be integers
12.07.2017 11:41:07 | string indices must be integers
12.07.2017 11:41:12 | string indices must be integers
12.07.2017 11:41:17 | string indices must be integers
12.07.2017 11:41:23 | string indices must be integers
12.07.2017 11:41:27 | string indices must be integers
12.07.2017 11:41:32 | string indices must be integers
12.07.2017 11:41:37 | string indices must be integers
12.07.2017 11:41:43 | string indices must be integers
12.07.2017 11:41:47 | string indices must be integers
12.07.2017 11:41:52 | string indices must be integers
12.07.2017 11:41:57 | string indices must be integers
12.07.2017 11:42:02 | string indices must be integers
12.07.2017 11:42:07 | string indices must be integers
12.07.2017 11:42:11 | string indices must be integers
12.07.2017 11:42:15 | string indices must be integers
12.07.2017 11:42:20 | string indices must be integers
12.07.2017 11:42:25 | string indices must be integers
12.07.2017 11:42:31 | string indices must be integers
12.07.2017 11:42:36 | string indices must be integers
12.07.2017 11:42:40 | string indices must be integers
12.07.2017 11:42:47 | string indices must be integers
12.07.2017 11:42:52 | string indices must be integers
12.07.2017 11:42:57 | string indices must be integers
12.07.2017 11:43:03 | string indices must be integers
12.07.2017 11:43:07 | string indices must be integers
12.07.2017 11:43:12 | string indices must be integers
12.07.2017 11:43:17 | string indices must be integers
12.07.2017 11:43:25 | string indices must be integers
12.07.2017 11:43:30 | string indices must be integers
12.07.2017 11:43:34 | string indices must be integers
12.07.2017 11:43:40 | string indices must be integers
12.07.2017 11:43:45 | string indices must be integers
12.07.2017 11:43:49 | string indices must be integers
12.07.2017 11:43:55 | string indices must be integers
12.07.2017 11:44:02 | string indices must be integers
12.07.2017 11:44:09 | string indices must be integers
12.07.2017 11:44:14 | string indices must be integers
12.07.2017 11:44:19 | string indices must be integers
12.07.2017 11:44:23 | string indices must be integers
12.07.2017 11:44:27 | string indices must be integers
12.07.2017 11:44:32 | string indices must be integers
12.07.2017 11:44:37 | string indices must be integers
12.07.2017 11:44:44 | string indices must be integers
12.07.2017 11:44:51 | string indices must be integers
12.07.2017 11:44:55 | string indices must be integers
12.07.2017 11:45:03 | string indices must be integers
12.07.2017 11:45:07 | string indices must be integers
12.07.2017 11:45:12 | string indices must be integers
12.07.2017 11:45:16 | string indices must be integers
12.07.2017 11:45:21 | string indices must be integers
12.07.2017 11:45:26 | string indices must be integers
12.07.2017 11:45:33 | string indices must be integers
12.07.2017 11:45:38 | string indices must be integers
12.07.2017 11:45:43 | string indices must be integers
12.07.2017 11:45:48 | string indices must be integers
12.07.2017 11:45:52 | string indices must be integers
12.07.2017 11:45:57 | string indices must be integers
12.07.2017 11:46:02 | string indices must be integers
12.07.2017 11:46:07 | string indices must be integers
12.07.2017 11:46:12 | string indices must be integers
12.07.2017 11:46:16 | string indices must be integers
12.07.2017 11:46:20 | string indices must be integers
12.07.2017 11:46:25 | string indices must be integers
12.07.2017 11:46:30 | string indices must be integers
12.07.2017 11:46:34 | string indices must be integers
12.07.2017 11:46:39 | string indices must be integers
12.07.2017 11:46:48 | string indices must be integers
12.07.2017 11:46:52 | string indices must be integers
12.07.2017 11:46:57 | string indices must be integers
12.07.2017 11:47:01 | string indices must be integers
12.07.2017 11:47:05 | string indices must be integers
12.07.2017 11:47:12 | string indices must be integers
12.07.2017 11:47:17 | string indices must be integers
12.07.2017 11:47:22 | string indices must be integers
12.07.2017 11:47:26 | string indices must be integers
12.07.2017 11:47:31 | string indices must be integers
12.07.2017 11:47:35 | string indices must be integers
12.07.2017 11:47:40 | string indices must be integers
12.07.2017 11:47:45 | string indices must be integers
12.07.2017 11:47:50 | string indices must be integers
12.07.2017 11:47:55 | string indices must be integers
12.07.2017 11:47:59 | string indices must be integers
12.07.2017 11:48:05 | string indices must be integers
12.07.2017 11:48:09 | string indices must be integers
12.07.2017 11:48:24 | string indices must be integers
12.07.2017 11:48:28 | string indices must be integers
12.07.2017 11:48:33 | string indices must be integers
12.07.2017 11:48:38 | string indices must be integers
12.07.2017 11:49:17 | Starting predivider.
12.07.2017 11:50:40 | Starting separator for user1
12.07.2017 11:50:40 | Starting separator for user2
12.07.2017 11:53:19 | sep1 done
12.07.2017 11:53:26 | sep2 done
12.07.2017 11:53:26 | All separators finished work
12.07.2017 11:53:27 | Starting key's exchanger.
12.07.2017 11:53:30 | Starting divider.
12.07.2017 11:54:36 | Starting empauto for user1
12.07.2017 11:54:36 | Starting empauto for user2
12.07.2017 12:01:02 | emp1 done
12.07.2017 12:01:02 | emp2 done
12.07.2017 12:01:02 | All empautos finished work
12.07.2017 12:01:03 | Starting withdraw for user1
12.07.2017 12:01:03 | Starting withdraw for user2
12.07.2017 12:10:21 | with1 done
12.07.2017 12:10:21 | with2 done
12.07.2017 12:10:21 | All users withdrawed
12.07.2017 12:11:42 | Starting predivider.
12.07.2017 12:13:11 | Starting separator for user1
12.07.2017 12:13:11 | Starting separator for user2
12.07.2017 12:18:33 | sep1 done
12.07.2017 12:18:33 | sep2 done
12.07.2017 12:18:33 | All separators finished work
12.07.2017 12:18:34 | Starting key's exchanger.
12.07.2017 12:18:39 | Starting divider.
12.07.2017 12:20:17 | Starting empauto for user1
12.07.2017 12:20:17 | Starting empauto for user2
12.07.2017 12:20:54 | emp1 done
12.07.2017 12:20:54 | emp2 done
12.07.2017 12:20:54 | All empautos finished work
12.07.2017 12:20:55 | Starting withdraw for user1
12.07.2017 12:20:55 | Starting withdraw for user2
12.07.2017 12:25:52 | with1 done
12.07.2017 12:28:02 | with2 done
12.07.2017 12:28:02 | All users withdrawed
12.07.2017 12:28:59 | Starting predivider.
12.07.2017 12:30:05 | Starting separator for user1
12.07.2017 12:30:05 | Starting separator for user2
12.07.2017 12:32:46 | sep1 done
12.07.2017 12:33:42 | sep2 done
12.07.2017 12:33:42 | All separators finished work
12.07.2017 12:33:43 | Starting key's exchanger.
12.07.2017 12:33:50 | Starting divider.
12.07.2017 12:34:58 | Starting empauto for user1
12.07.2017 12:34:58 | Starting empauto for user2
12.07.2017 12:35:39 | emp1 done
12.07.2017 12:35:57 | emp2 done
12.07.2017 12:35:57 | All empautos finished work
12.07.2017 12:35:58 | Starting withdraw for user1
12.07.2017 12:35:58 | Starting withdraw for user2
12.07.2017 12:51:41 | with1 done
12.07.2017 12:51:41 | with2 done
12.07.2017 12:51:41 | All users withdrawed
12.07.2017 12:53:45 | string indices must be integers
12.07.2017 12:54:09 | Starting predivider.
12.07.2017 12:57:28 | Starting separator for user1
12.07.2017 12:57:28 | Starting separator for user2
12.07.2017 13:00:21 | sep1 done
12.07.2017 13:01:54 | sep2 done
12.07.2017 13:01:54 | All separators finished work
12.07.2017 13:01:55 | Starting key's exchanger.
12.07.2017 13:02:56 | Starting divider.
12.07.2017 13:04:34 | Starting empauto for user1
12.07.2017 13:04:34 | Starting empauto for user2
12.07.2017 13:05:11 | emp1 done
12.07.2017 13:05:14 | emp2 done
12.07.2017 13:05:14 | All empautos finished work
12.07.2017 13:05:15 | Starting withdraw for user1
12.07.2017 13:05:15 | Starting withdraw for user2
12.07.2017 13:11:46 | with1 done
12.07.2017 13:11:46 | with2 done
12.07.2017 13:11:46 | All users withdrawed
12.07.2017 13:13:45 | Starting predivider.
12.07.2017 13:21:14 | Starting separator for user1
12.07.2017 13:21:14 | Starting separator for user2
12.07.2017 13:34:12 | sep1 done
12.07.2017 13:34:12 | sep2 done
12.07.2017 13:34:12 | All separators finished work
12.07.2017 13:34:13 | Starting key's exchanger.
12.07.2017 13:34:20 | Starting divider.
12.07.2017 13:36:01 | Starting empauto for user1
12.07.2017 13:36:01 | Starting empauto for user2
12.07.2017 13:37:26 | emp1 done
12.07.2017 13:37:26 | emp2 done
12.07.2017 13:37:26 | All empautos finished work
12.07.2017 13:37:27 | Starting withdraw for user1
12.07.2017 13:37:27 | Starting withdraw for user2
12.07.2017 13:52:16 | with1 done
12.07.2017 13:53:11 | with2 done
12.07.2017 13:53:11 | All users withdrawed
12.07.2017 13:54:05 | Starting predivider.
12.07.2017 13:55:27 | Starting separator for user1
12.07.2017 13:55:27 | Starting separator for user2
12.07.2017 13:59:35 | sep1 done
12.07.2017 14:04:55 | sep2 done
12.07.2017 14:04:55 | All separators finished work
12.07.2017 14:04:56 | Starting key's exchanger.
12.07.2017 14:05:02 | Starting divider.
12.07.2017 14:06:40 | Starting empauto for user1
12.07.2017 14:06:40 | Starting empauto for user2
12.07.2017 14:14:08 | emp1 done
12.07.2017 14:14:08 | emp2 done
12.07.2017 14:14:08 | All empautos finished work
12.07.2017 14:14:09 | Starting withdraw for user1
12.07.2017 14:14:09 | Starting withdraw for user2
12.07.2017 14:21:48 | with1 done
12.07.2017 14:26:15 | with2 done
12.07.2017 14:26:15 | All users withdrawed
12.07.2017 14:27:24 | Starting predivider.
12.07.2017 14:29:07 | Starting separator for user1
12.07.2017 14:29:07 | Starting separator for user2
12.07.2017 14:34:52 | sep1 done
12.07.2017 14:34:52 | sep2 done
12.07.2017 14:34:52 | All separators finished work
12.07.2017 14:34:53 | Starting key's exchanger.
12.07.2017 14:37:02 | Starting divider.
12.07.2017 15:18:27 | 

--------------------------------------  12.07.2017 15:18:27  --------------------------------------

12.07.2017 15:18:27 | Starting divider.
12.07.2017 15:20:02 | Starting empauto for user1
12.07.2017 15:20:03 | Starting empauto for user2
12.07.2017 15:26:36 | emp1 done
12.07.2017 15:26:36 | emp2 done
12.07.2017 15:26:36 | All empautos finished work
12.07.2017 15:26:37 | Starting withdraw for user1
12.07.2017 15:26:37 | Starting withdraw for user2
12.07.2017 16:46:59 | 

--------------------------------------  12.07.2017 16:46:59  --------------------------------------

12.07.2017 16:46:59 | Starting withdraw for user1
12.07.2017 16:46:59 | Starting withdraw for user2
12.07.2017 16:53:36 | with1 done
12.07.2017 16:53:36 | with2 done
12.07.2017 16:53:37 | All users withdrawed
12.07.2017 16:55:22 | 

--------------------------------------  12.07.2017 16:55:22  --------------------------------------

12.07.2017 16:55:36 | Starting predivider.
12.07.2017 16:57:05 | Starting separator for user1
12.07.2017 16:57:05 | Starting separator for user2
12.07.2017 17:01:52 | sep1 done
12.07.2017 17:01:52 | sep2 done
12.07.2017 17:01:52 | All separators finished work
12.07.2017 17:01:53 | Starting key's exchanger.
12.07.2017 17:02:12 | Starting divider.
12.07.2017 17:03:51 | Starting empauto for user1
12.07.2017 17:03:51 | Starting empauto for user2
12.07.2017 17:04:52 | emp1 done
12.07.2017 17:04:55 | emp2 done
12.07.2017 17:04:55 | All empautos finished work
12.07.2017 17:16:19 | 

--------------------------------------  12.07.2017 17:16:19  --------------------------------------

12.07.2017 17:16:22 | Starting withdraw for user1
12.07.2017 17:16:22 | Starting withdraw for user2
12.07.2017 17:19:00 | 

--------------------------------------  12.07.2017 17:19:00  --------------------------------------

12.07.2017 17:19:01 | 0
12.07.2017 17:19:01 | 0
12.07.2017 17:19:02 | Starting withdraw for user1
12.07.2017 17:19:02 | Starting withdraw for user2
12.07.2017 17:20:36 | 

--------------------------------------  12.07.2017 17:20:36  --------------------------------------

12.07.2017 17:20:37 | {"item_ids":["The item ids field is required."]}
12.07.2017 17:20:38 | {"item_ids":["The item ids field is required."]}
12.07.2017 17:20:38 | 0
12.07.2017 17:20:38 | 0
12.07.2017 17:20:39 | Starting withdraw for user1
12.07.2017 17:20:39 | Starting withdraw for user2
12.07.2017 17:21:51 | 

--------------------------------------  12.07.2017 17:21:51  --------------------------------------

12.07.2017 17:21:52 | {"message":"You must bet at least 75% of your deposits before withdrawing. You must bet <strong>28.60<\/strong> more."}
12.07.2017 17:21:52 | {"message":"You must bet at least 75% of your deposits before withdrawing. You must bet <strong>27.85<\/strong> more."}
12.07.2017 17:21:52 | 28.6
12.07.2017 17:21:52 | 27.85
12.07.2017 17:23:53 | {"message":"You must bet at least 75% of your deposits before withdrawing. You must bet <strong>28.60<\/strong> more."}
12.07.2017 17:23:53 | {"message":"You must bet at least 75% of your deposits before withdrawing. You must bet <strong>27.85<\/strong> more."}
12.07.2017 17:23:53 | going to bet
12.07.2017 17:23:53 | Staison must bet 28.6$
12.07.2017 17:23:53 | Leha must bet 27.85$
12.07.2017 17:25:38 | Starting withdraw
12.07.2017 17:25:39 | Starting withdraw for user1
12.07.2017 17:25:39 | Starting withdraw for user2
12.07.2017 17:27:18 | with1 done
12.07.2017 17:45:09 | with2 done
12.07.2017 17:45:09 | All users withdrawed
12.07.2017 17:46:09 | Starting predivider.
12.07.2017 17:47:14 | Starting separator for user1
12.07.2017 17:47:14 | Starting separator for user2
12.07.2017 17:50:43 | sep1 done
12.07.2017 17:53:21 | sep2 done
12.07.2017 17:53:21 | All separators finished work
12.07.2017 17:53:22 | Starting key's exchanger.
12.07.2017 17:55:28 | Starting divider.
12.07.2017 17:56:58 | Starting empauto for user1
12.07.2017 17:56:58 | Starting empauto for user2
12.07.2017 17:58:36 | emp1 done
12.07.2017 17:58:36 | emp2 done
12.07.2017 17:58:36 | All empautos finished work
12.07.2017 17:58:37 | {"message":"You must bet at least 75% of your deposits before withdrawing. You must bet <strong>26.16<\/strong> more."}
12.07.2017 17:58:38 | {"message":"You must bet at least 75% of your deposits before withdrawing. You must bet <strong>28.28<\/strong> more."}
12.07.2017 17:58:38 | 26.16
12.07.2017 17:58:38 | 28.28
12.07.2017 18:00:38 | {"message":"You must bet at least 75% of your deposits before withdrawing. You must bet <strong>28.90<\/strong> more."}
12.07.2017 18:00:39 | {"message":"You must bet at least 75% of your deposits before withdrawing. You must bet <strong>28.28<\/strong> more."}
12.07.2017 18:00:39 | going to bet
12.07.2017 18:00:40 | Staison must bet 28.9$
12.07.2017 18:00:40 | Leha must bet 28.28$
12.07.2017 18:02:44 | Starting withdraw
12.07.2017 18:02:45 | Starting withdraw for user1
12.07.2017 18:02:45 | Starting withdraw for user2
12.07.2017 18:19:53 | with1 done
12.07.2017 18:19:53 | with2 done
12.07.2017 18:19:53 | All users withdrawed
13.07.2017 01:18:12 | 

--------------------------------------  13.07.2017 01:18:12  --------------------------------------

13.07.2017 01:18:58 | 

--------------------------------------  13.07.2017 01:18:58  --------------------------------------

13.07.2017 01:19:24 | string indices must be integers
13.07.2017 04:44:13 | 

--------------------------------------  13.07.2017 04:44:13  --------------------------------------

13.07.2017 04:44:28 | Starting predivider.
13.07.2017 04:46:59 | Starting separator for user1
13.07.2017 04:46:59 | Starting separator for user2
13.07.2017 04:48:52 | sep1 done
13.07.2017 04:51:01 | sep2 done
13.07.2017 04:51:01 | All separators finished work
13.07.2017 04:51:02 | Starting key's exchanger.
13.07.2017 04:51:10 | Starting divider.
13.07.2017 04:52:16 | Starting empauto for user1
13.07.2017 04:52:16 | Starting empauto for user2
13.07.2017 04:52:21 | emp1 done
13.07.2017 04:52:22 | emp2 done
13.07.2017 04:52:22 | All empautos finished work
13.07.2017 04:52:24 | {"success":false,"message":"One or more items are invalid or no longer exist in the inventory."}
13.07.2017 04:52:24 | {"success":false,"message":"One or more items are invalid or no longer exist in the inventory."}
13.07.2017 04:52:24 | 0
13.07.2017 04:52:24 | 0
13.07.2017 04:52:25 | Starting withdraw for user1
13.07.2017 04:52:25 | Starting withdraw for user2
13.07.2017 04:52:27 | with1 done
13.07.2017 04:52:27 | with2 done
13.07.2017 04:52:27 | All users withdrawed
13.07.2017 05:00:04 | 

--------------------------------------  13.07.2017 05:00:04  --------------------------------------

13.07.2017 05:00:06 | {"message":"You must bet at least 75% of your deposits before withdrawing. You must bet <strong>8.15<\/strong> more."}
13.07.2017 05:00:07 | {"message":"You must bet at least 75% of your deposits before withdrawing. You must bet <strong>7.61<\/strong> more."}
13.07.2017 05:00:07 | 8.15
13.07.2017 05:00:07 | 7.61
13.07.2017 05:02:08 | {"message":"You must bet at least 75% of your deposits before withdrawing. You must bet <strong>8.15<\/strong> more."}
13.07.2017 05:02:09 | {"message":"You must bet at least 75% of your deposits before withdrawing. You must bet <strong>7.61<\/strong> more."}
13.07.2017 05:02:09 | going to bet
13.07.2017 05:02:09 | Staison must bet 8.15$
13.07.2017 05:02:09 | Leha must bet 7.61$
13.07.2017 05:04:04 | Starting withdraw
13.07.2017 05:04:05 | Starting withdraw for user1
13.07.2017 05:04:05 | Starting withdraw for user2
13.07.2017 05:08:43 | 

--------------------------------------  13.07.2017 05:08:43  --------------------------------------

13.07.2017 05:08:43 | Starting withdraw for user1
13.07.2017 05:08:43 | Starting withdraw for user2
13.07.2017 05:25:51 | 

--------------------------------------  13.07.2017 05:25:51  --------------------------------------

13.07.2017 05:25:51 | Starting withdraw for user1
13.07.2017 05:25:51 | Starting withdraw for user2
13.07.2017 05:30:57 | with1 done
13.07.2017 05:30:57 | with2 done
13.07.2017 05:30:57 | All users withdrawed
13.07.2017 05:32:07 | Starting predivider.
13.07.2017 05:33:29 | Starting separator for user1
13.07.2017 05:33:29 | Starting separator for user2
13.07.2017 05:34:47 | sep1 done
13.07.2017 05:34:47 | sep2 done
13.07.2017 05:34:47 | All separators finished work
13.07.2017 05:34:48 | Starting key's exchanger.
13.07.2017 05:34:56 | Starting divider.
13.07.2017 05:36:02 | Starting empauto for user1
13.07.2017 05:36:02 | Starting empauto for user2
13.07.2017 05:36:08 | emp1 done
13.07.2017 05:36:08 | emp2 done
13.07.2017 05:36:08 | All empautos finished work
13.07.2017 05:36:10 | {"success":false,"message":"One or more items are invalid or no longer exist in the inventory."}
13.07.2017 05:36:11 | {"success":false,"message":"One or more items are invalid or no longer exist in the inventory."}
13.07.2017 05:36:11 | {"success":false,"message":"One or more items are invalid or no longer exist in the inventory."}
13.07.2017 05:36:12 | {"success":false,"message":"One or more items are invalid or no longer exist in the inventory."}
13.07.2017 05:36:13 | {"success":false,"message":"One or more items are invalid or no longer exist in the inventory."}
13.07.2017 05:36:13 | {"success":false,"message":"One or more items are invalid or no longer exist in the inventory."}
13.07.2017 05:36:13 | 0
13.07.2017 05:36:13 | 0
13.07.2017 05:36:15 | {"success":false,"message":"One or more items are invalid or no longer exist in the inventory."}
13.07.2017 05:36:20 | {"success":false,"message":"One or more items are invalid or no longer exist in the inventory."}
13.07.2017 05:36:21 | {"success":false,"message":"One or more items are invalid or no longer exist in the inventory."}
13.07.2017 05:36:21 | {"success":false,"message":"One or more items are invalid or no longer exist in the inventory."}
13.07.2017 05:36:21 | {"success":false,"message":"One or more items are invalid or no longer exist in the inventory."}
13.07.2017 05:36:22 | {"success":false,"message":"One or more items are invalid or no longer exist in the inventory."}
13.07.2017 05:36:22 | 0
13.07.2017 05:36:22 | 0
13.07.2017 05:36:23 | {"success":false,"message":"One or more items are invalid or no longer exist in the inventory."}
13.07.2017 05:36:23 | {"success":false,"message":"One or more items are invalid or no longer exist in the inventory."}
13.07.2017 05:36:24 | {"success":false,"message":"One or more items are invalid or no longer exist in the inventory."}
13.07.2017 05:36:24 | {"success":false,"message":"One or more items are invalid or no longer exist in the inventory."}
13.07.2017 05:36:25 | {"success":false,"message":"One or more items are invalid or no longer exist in the inventory."}
13.07.2017 05:36:25 | {"success":false,"message":"One or more items are invalid or no longer exist in the inventory."}
13.07.2017 05:36:25 | 0
13.07.2017 05:36:25 | 0
13.07.2017 05:36:26 | {"success":false,"message":"One or more items are invalid or no longer exist in the inventory."}
13.07.2017 05:36:27 | {"success":false,"message":"One or more items are invalid or no longer exist in the inventory."}
13.07.2017 05:37:27 | <!DOCTYPE html>
<!--[if lt IE 7]> <html class="no-js ie6 oldie" lang="en-US"> <![endif]-->
<!--[if IE 7]>    <html class="no-js ie7 oldie" lang="en-US"> <![endif]-->
<!--[if IE 8]>    <html class="no-js ie8 oldie" lang="en-US"> <![endif]-->
<!--[if gt IE 8]><!--> <html class="no-js" lang="en-US"> <!--<![endif]-->
<head>
<meta http-equiv="set-cookie" content="cf_use_ob=0; expires=Thu, 13-Jul-17 12:37:57 GMT; path=/">
<title>csgoempire.com | 504: Gateway time-out</title>
<meta charset="UTF-8"/>
<meta http-equiv="Content-Type" content="text/html; charset=UTF-8"/>
<meta http-equiv="X-UA-Compatible" content="IE=Edge,chrome=1"/>
<meta name="robots" content="noindex, nofollow"/>
<meta name="viewport" content="width=device-width,initial-scale=1,maximum-scale=1"/>
<link rel="stylesheet" id="cf_styles-css" href="/cdn-cgi/styles/cf.errors.css" type="text/css" media="screen,projection"/>
<!--[if lt IE 9]><link rel="stylesheet" id='cf_styles-ie-css' href="/cdn-cgi/styles/cf.errors.ie.css" type="text/css" media="screen,projection" /><![endif]-->
<style type="text/css">body{margin:0;padding:0}</style>
<!--[if lte IE 9]><script type="text/javascript" src="/cdn-cgi/scripts/jquery.min.js"></script><![endif]-->
<!--[if gte IE 10]><!--><script type="text/javascript" src="/cdn-cgi/scripts/zepto.min.js"></script><!--<![endif]-->
<script type="text/javascript" src="/cdn-cgi/scripts/cf.common.js"></script>
</head>
<body>
<div id="cf-wrapper">
<div id="cf-error-details" class="cf-error-details-wrapper">
<div class="cf-wrapper cf-error-overview">
<h1>
<span class="cf-error-type" data-translate="error">Error</span>
<span class="cf-error-code">504</span>
<small class="heading-ray-id">Ray ID: 37dc49b75f3c8448 &bull; 2017-07-13 12:37:27 UTC</small>
</h1>
<h2 class="cf-subheadline" data-translate="error_desc">Gateway time-out</h2>
</div> 
<div class="cf-section cf-highlight cf-status-display">
<div class="cf-wrapper">
<div class="cf-columns cols-3">
<div id="cf-browser-status" class="cf-column cf-status-item cf-browser-status ">
<div class="cf-icon-error-container">
<i class="cf-icon cf-icon-browser"></i>
<i class="cf-icon-status cf-icon-ok"></i>
</div>
<span class="cf-status-desc" data-translate="browser_desc">You</span>
<h3 class="cf-status-name" data-translate="browser_label">Browser</h3>
<span class="cf-status-label" data-translate="browser_status_label">Working</span>
</div>
<div id="cf-cloudflare-status" class="cf-column cf-status-item cf-cloudflare-status ">
<div class="cf-icon-error-container">
<i class="cf-icon cf-icon-cloud"></i>
<i class="cf-icon-status cf-icon-ok"></i>
</div>
<span class="cf-status-desc" data-translate="cloud_desc">Kiev</span>
<h3 class="cf-status-name" data-translate="cloud_label">Cloudflare</h3>
<span class="cf-status-label" data-translate="cloud_status_label">Working</span>
</div>
<div id="cf-host-status" class="cf-column cf-status-item cf-host-status cf-error-source">
<div class="cf-icon-error-container">
<i class="cf-icon cf-icon-server"></i>
<i class="cf-icon-status cf-icon-error"></i>
</div>
<span class="cf-status-desc" data-translate="server_desc">csgoempire.com</span>
<h3 class="cf-status-name" data-translate="server_label">Host</h3>
<span class="cf-status-label" data-translate="server_status_label">Error</span>
</div>
</div>
</div>
</div> 
<div class="cf-section cf-wrapper">
<div class="cf-columns two">
<div class="cf-column">
<h2 data-translate="what_happened">What happened?</h2>
<p>The web server reported a gateway time-out error.</p>
</div>
<div class="cf-column">
<h2 data-translate="what_can_i_do">What can I do?</h2>
<p data-translate="try_again_in_a_few">Please try again in a few minutes.</p>
</div>
</div>
</div> 
<div class="cf-error-footer cf-wrapper">
<p>
<span class="cf-footer-item">Cloudflare Ray ID: <strong>37dc49b75f3c8448</strong></span>
<span class="cf-footer-separator">&bull;</span>
<span class="cf-footer-item"><span data-translate="your_ip">Your IP</span>: 195.191.24.71</span>
<span class="cf-footer-separator">&bull;</span>
<span class="cf-footer-item"><span data-translate="performance_security_by">Performance &amp; security by</span> <a data-orig-proto="https" data-orig-ref="www.cloudflare.com/5xx-error-landing?utm_source=error_footer" id="brand_link" target="_blank">Cloudflare</a></span>
</p>
</div> 
</div> 
</div> 

13.07.2017 05:37:27 | {"message":"You must bet at least 75% of your deposits before withdrawing. You must bet <strong>6.71<\/strong> more."}
13.07.2017 05:37:27 | 0
13.07.2017 05:37:27 | 6.71
13.07.2017 05:39:28 | {"message":"You must bet at least 75% of your deposits before withdrawing. You must bet <strong>6.19<\/strong> more."}
13.07.2017 05:39:29 | {"message":"You must bet at least 75% of your deposits before withdrawing. You must bet <strong>6.71<\/strong> more."}
13.07.2017 05:39:29 | going to bet
13.07.2017 05:39:29 | Staison must bet 6.19$
13.07.2017 05:39:29 | Leha must bet 6.71$
13.07.2017 05:41:32 | Starting withdraw
13.07.2017 05:41:33 | Starting withdraw for user1
13.07.2017 05:41:33 | Starting withdraw for user2
13.07.2017 05:48:38 | 

--------------------------------------  13.07.2017 05:48:38  --------------------------------------

13.07.2017 05:48:38 | Starting withdraw for user1
13.07.2017 05:48:38 | Starting withdraw for user2
13.07.2017 05:51:41 | 

--------------------------------------  13.07.2017 05:51:41  --------------------------------------

13.07.2017 05:51:41 | Starting withdraw for user1
13.07.2017 05:51:41 | Starting withdraw for user2
13.07.2017 05:57:43 | with1 done
13.07.2017 05:57:43 | with2 done
13.07.2017 05:57:43 | All users withdrawed
13.07.2017 06:00:52 | Starting predivider.
13.07.2017 06:02:27 | Starting separator for user1
13.07.2017 06:02:27 | Starting separator for user2
13.07.2017 06:03:42 | sep1 done
13.07.2017 06:06:59 | sep2 done
13.07.2017 06:06:59 | All separators finished work
13.07.2017 06:07:00 | Starting key's exchanger.
13.07.2017 06:07:56 | Starting divider.
13.07.2017 06:09:02 | Starting empauto for user1
13.07.2017 06:09:02 | Starting empauto for user2
13.07.2017 06:09:08 | emp1 done
13.07.2017 06:09:10 | emp2 done
13.07.2017 06:09:10 | All empautos finished work
13.07.2017 06:09:12 | {"success":false,"message":"One or more items are invalid or no longer exist in the inventory."}
13.07.2017 06:09:13 | {"success":false,"message":"One or more items are invalid or no longer exist in the inventory."}
13.07.2017 06:09:13 | {"success":false,"message":"One or more items are invalid or no longer exist in the inventory."}
13.07.2017 06:09:14 | {"success":false,"message":"One or more items are invalid or no longer exist in the inventory."}
13.07.2017 06:09:15 | {"success":false,"message":"One or more items are invalid or no longer exist in the inventory."}
13.07.2017 06:09:15 | {"success":false,"message":"One or more items are invalid or no longer exist in the inventory."}
13.07.2017 06:09:15 | 0
13.07.2017 06:09:15 | 0
13.07.2017 06:09:24 | {"success":false,"message":"One or more items are invalid or no longer exist in the inventory."}
13.07.2017 06:09:27 | {"success":false,"message":"One or more items are invalid or no longer exist in the inventory."}
13.07.2017 06:09:27 | {"success":false,"message":"One or more items are invalid or no longer exist in the inventory."}
13.07.2017 06:09:28 | {"success":false,"message":"One or more items are invalid or no longer exist in the inventory."}
13.07.2017 06:09:28 | {"success":false,"message":"One or more items are invalid or no longer exist in the inventory."}
13.07.2017 06:09:29 | {"success":false,"message":"One or more items are invalid or no longer exist in the inventory."}
13.07.2017 06:09:29 | 0
13.07.2017 06:09:29 | 0
13.07.2017 06:09:30 | {"success":false,"message":"One or more items are invalid or no longer exist in the inventory."}
13.07.2017 06:09:30 | {"success":false,"message":"One or more items are invalid or no longer exist in the inventory."}
13.07.2017 06:09:31 | {"success":false,"message":"One or more items are invalid or no longer exist in the inventory."}
13.07.2017 06:09:31 | {"success":false,"message":"One or more items are invalid or no longer exist in the inventory."}
13.07.2017 06:10:32 | <!DOCTYPE html>
<!--[if lt IE 7]> <html class="no-js ie6 oldie" lang="en-US"> <![endif]-->
<!--[if IE 7]>    <html class="no-js ie7 oldie" lang="en-US"> <![endif]-->
<!--[if IE 8]>    <html class="no-js ie8 oldie" lang="en-US"> <![endif]-->
<!--[if gt IE 8]><!--> <html class="no-js" lang="en-US"> <!--<![endif]-->
<head>
<meta http-equiv="set-cookie" content="cf_use_ob=0; expires=Thu, 13-Jul-17 13:11:02 GMT; path=/">
<title>csgoempire.com | 504: Gateway time-out</title>
<meta charset="UTF-8"/>
<meta http-equiv="Content-Type" content="text/html; charset=UTF-8"/>
<meta http-equiv="X-UA-Compatible" content="IE=Edge,chrome=1"/>
<meta name="robots" content="noindex, nofollow"/>
<meta name="viewport" content="width=device-width,initial-scale=1,maximum-scale=1"/>
<link rel="stylesheet" id="cf_styles-css" href="/cdn-cgi/styles/cf.errors.css" type="text/css" media="screen,projection"/>
<!--[if lt IE 9]><link rel="stylesheet" id='cf_styles-ie-css' href="/cdn-cgi/styles/cf.errors.ie.css" type="text/css" media="screen,projection" /><![endif]-->
<style type="text/css">body{margin:0;padding:0}</style>
<!--[if lte IE 9]><script type="text/javascript" src="/cdn-cgi/scripts/jquery.min.js"></script><![endif]-->
<!--[if gte IE 10]><!--><script type="text/javascript" src="/cdn-cgi/scripts/zepto.min.js"></script><!--<![endif]-->
<script type="text/javascript" src="/cdn-cgi/scripts/cf.common.js"></script>
</head>
<body>
<div id="cf-wrapper">
<div id="cf-error-details" class="cf-error-details-wrapper">
<div class="cf-wrapper cf-error-overview">
<h1>
<span class="cf-error-type" data-translate="error">Error</span>
<span class="cf-error-code">504</span>
<small class="heading-ray-id">Ray ID: 37dc7a2d4ad28225 &bull; 2017-07-13 13:10:32 UTC</small>
</h1>
<h2 class="cf-subheadline" data-translate="error_desc">Gateway time-out</h2>
</div> 
<div class="cf-section cf-highlight cf-status-display">
<div class="cf-wrapper">
<div class="cf-columns cols-3">
<div id="cf-browser-status" class="cf-column cf-status-item cf-browser-status ">
<div class="cf-icon-error-container">
<i class="cf-icon cf-icon-browser"></i>
<i class="cf-icon-status cf-icon-ok"></i>
</div>
<span class="cf-status-desc" data-translate="browser_desc">You</span>
<h3 class="cf-status-name" data-translate="browser_label">Browser</h3>
<span class="cf-status-label" data-translate="browser_status_label">Working</span>
</div>
<div id="cf-cloudflare-status" class="cf-column cf-status-item cf-cloudflare-status ">
<div class="cf-icon-error-container">
<i class="cf-icon cf-icon-cloud"></i>
<i class="cf-icon-status cf-icon-ok"></i>
</div>
<span class="cf-status-desc" data-translate="cloud_desc">Kiev</span>
<h3 class="cf-status-name" data-translate="cloud_label">Cloudflare</h3>
<span class="cf-status-label" data-translate="cloud_status_label">Working</span>
</div>
<div id="cf-host-status" class="cf-column cf-status-item cf-host-status cf-error-source">
<div class="cf-icon-error-container">
<i class="cf-icon cf-icon-server"></i>
<i class="cf-icon-status cf-icon-error"></i>
</div>
<span class="cf-status-desc" data-translate="server_desc">csgoempire.com</span>
<h3 class="cf-status-name" data-translate="server_label">Host</h3>
<span class="cf-status-label" data-translate="server_status_label">Error</span>
</div>
</div>
</div>
</div> 
<div class="cf-section cf-wrapper">
<div class="cf-columns two">
<div class="cf-column">
<h2 data-translate="what_happened">What happened?</h2>
<p>The web server reported a gateway time-out error.</p>
</div>
<div class="cf-column">
<h2 data-translate="what_can_i_do">What can I do?</h2>
<p data-translate="try_again_in_a_few">Please try again in a few minutes.</p>
</div>
</div>
</div> 
<div class="cf-error-footer cf-wrapper">
<p>
<span class="cf-footer-item">Cloudflare Ray ID: <strong>37dc7a2d4ad28225</strong></span>
<span class="cf-footer-separator">&bull;</span>
<span class="cf-footer-item"><span data-translate="your_ip">Your IP</span>: 195.191.24.71</span>
<span class="cf-footer-separator">&bull;</span>
<span class="cf-footer-item"><span data-translate="performance_security_by">Performance &amp; security by</span> <a data-orig-proto="https" data-orig-ref="www.cloudflare.com/5xx-error-landing?utm_source=error_footer" id="brand_link" target="_blank">Cloudflare</a></span>
</p>
</div> 
</div> 
</div> 

13.07.2017 06:10:53 | {"message":"You must bet at least 75% of your deposits before withdrawing. You must bet <strong>7.45<\/strong> more."}
13.07.2017 06:10:53 | 0
13.07.2017 06:10:53 | 7.45
13.07.2017 06:12:54 | {"message":"You must bet at least 75% of your deposits before withdrawing. You must bet <strong>7.82<\/strong> more."}
13.07.2017 06:12:54 | {"message":"You must bet at least 75% of your deposits before withdrawing. You must bet <strong>7.45<\/strong> more."}
13.07.2017 06:12:54 | going to bet
13.07.2017 06:12:55 | Staison must bet 7.82$
13.07.2017 06:12:55 | Leha must bet 7.45$
13.07.2017 06:14:41 | Starting withdraw
13.07.2017 06:14:42 | Starting withdraw for user1
13.07.2017 06:14:42 | Starting withdraw for user2
13.07.2017 06:17:22 | with1 done
13.07.2017 06:19:48 | with2 done
13.07.2017 06:19:48 | All users withdrawed
13.07.2017 06:20:50 | Starting predivider.
13.07.2017 06:22:06 | 

--------------------------------------  13.07.2017 06:22:06  --------------------------------------

13.07.2017 06:23:11 | 

--------------------------------------  13.07.2017 06:23:11  --------------------------------------

13.07.2017 06:23:20 | Starting predivider.
13.07.2017 06:24:24 | Starting separator for user1
13.07.2017 06:24:24 | Starting separator for user2
13.07.2017 06:25:11 | sep1 done
13.07.2017 06:26:45 | sep2 done
13.07.2017 06:26:45 | All separators finished work
13.07.2017 06:26:46 | Starting key's exchanger.
13.07.2017 06:28:19 | Starting divider.
13.07.2017 06:29:44 | Starting empauto for user1
13.07.2017 06:29:44 | Starting empauto for user2
13.07.2017 06:29:50 | emp1 done
13.07.2017 06:29:51 | emp2 done
13.07.2017 06:29:51 | All empautos finished work
13.07.2017 06:32:21 | going to bet
13.07.2017 06:32:22 | Staison must bet 8.31$
13.07.2017 06:32:22 | Leha must bet 8.45$
13.07.2017 06:34:22 | Starting withdraw
13.07.2017 06:34:23 | Starting withdraw for user1
13.07.2017 06:34:23 | Starting withdraw for user2
13.07.2017 06:55:37 | with1 done
13.07.2017 06:55:37 | with2 done
13.07.2017 06:55:37 | All users withdrawed
13.07.2017 06:57:52 | Expecting value: line 1 column 1 (char 0)
13.07.2017 06:59:21 | Starting predivider.
13.07.2017 07:01:33 | Starting separator for user1
13.07.2017 07:01:33 | Starting separator for user2
13.07.2017 07:02:12 | sep1 done
13.07.2017 07:02:49 | sep2 done
13.07.2017 07:02:49 | All separators finished work
13.07.2017 07:02:50 | Starting key's exchanger.
13.07.2017 07:03:09 | Starting divider.
13.07.2017 07:04:16 | Starting empauto for user1
13.07.2017 07:04:16 | Starting empauto for user2
13.07.2017 07:04:23 | emp1 done
13.07.2017 07:04:23 | emp2 done
13.07.2017 07:04:23 | All empautos finished work
13.07.2017 07:06:52 | going to bet
13.07.2017 07:06:52 | Staison must bet 6.8$
13.07.2017 07:06:52 | Leha must bet 7.42$
13.07.2017 07:08:43 | Starting withdraw
13.07.2017 07:08:44 | Starting withdraw for user1
13.07.2017 07:08:44 | Starting withdraw for user2
13.07.2017 07:32:30 | with1 done
13.07.2017 07:32:30 | with2 done
13.07.2017 07:32:30 | All users withdrawed
13.07.2017 07:36:56 | Expecting value: line 1 column 1 (char 0)
13.07.2017 07:38:25 | Starting predivider.
13.07.2017 07:40:05 | Starting separator for user1
13.07.2017 07:40:05 | Starting separator for user2
13.07.2017 07:44:13 | sep1 done
13.07.2017 07:44:13 | sep2 done
13.07.2017 07:44:13 | All separators finished work
13.07.2017 07:44:14 | Starting key's exchanger.
13.07.2017 07:44:21 | Starting divider.
13.07.2017 07:45:52 | Starting empauto for user1
13.07.2017 07:45:52 | Starting empauto for user2
13.07.2017 07:45:59 | emp1 done
13.07.2017 07:52:08 | emp2 done
13.07.2017 07:52:08 | All empautos finished work
13.07.2017 07:54:18 | going to bet
13.07.2017 07:54:19 | Staison must bet 6.39$
13.07.2017 07:54:19 | Leha must bet 6.41$
13.07.2017 07:56:12 | Starting withdraw
13.07.2017 07:56:13 | Starting withdraw for user1
13.07.2017 07:56:13 | Starting withdraw for user2
13.07.2017 08:01:16 | with1 done
13.07.2017 08:01:16 | with2 done
13.07.2017 08:01:16 | All users withdrawed
13.07.2017 08:02:34 | Starting predivider.
13.07.2017 08:04:03 | Starting separator for user1
13.07.2017 08:04:03 | Starting separator for user2
13.07.2017 08:09:28 | sep1 done
13.07.2017 08:09:37 | sep2 done
13.07.2017 08:09:37 | All separators finished work
13.07.2017 08:09:38 | Starting key's exchanger.
13.07.2017 08:10:25 | Starting divider.
13.07.2017 08:11:56 | Starting empauto for user1
13.07.2017 08:11:56 | Starting empauto for user2
13.07.2017 08:12:29 | emp1 done
13.07.2017 08:12:34 | emp2 done
13.07.2017 08:12:34 | All empautos finished work
13.07.2017 08:14:38 | going to bet
13.07.2017 08:14:39 | Staison must bet 19.23$
13.07.2017 08:14:39 | Leha must bet 19.24$
13.07.2017 08:16:35 | Starting withdraw
13.07.2017 08:16:36 | Starting withdraw for user1
13.07.2017 08:16:36 | Starting withdraw for user2
13.07.2017 08:30:58 | with1 done
13.07.2017 08:30:58 | with2 done
13.07.2017 08:30:58 | All users withdrawed
13.07.2017 08:31:29 | string indices must be integers
13.07.2017 08:32:10 | Starting predivider.
13.07.2017 08:33:31 | Starting separator for user1
13.07.2017 08:33:31 | Starting separator for user2
13.07.2017 08:40:28 | sep1 done
13.07.2017 08:40:28 | sep2 done
13.07.2017 08:40:28 | All separators finished work
13.07.2017 08:40:29 | Starting key's exchanger.
13.07.2017 08:40:38 | Starting divider.
13.07.2017 08:42:16 | Starting empauto for user1
13.07.2017 08:42:16 | Starting empauto for user2
13.07.2017 08:43:23 | emp1 done
13.07.2017 08:43:23 | emp2 done
13.07.2017 08:43:23 | All empautos finished work
13.07.2017 08:45:26 | going to bet
13.07.2017 08:45:26 | Staison must bet 27.88$
13.07.2017 08:45:26 | Leha must bet 27.91$
13.07.2017 08:47:29 | Starting withdraw
13.07.2017 08:47:30 | Starting withdraw for user1
13.07.2017 08:47:30 | Starting withdraw for user2
13.07.2017 09:11:05 | with1 done
13.07.2017 09:11:05 | with2 done
13.07.2017 09:11:05 | All users withdrawed
13.07.2017 09:12:08 | Starting predivider.
13.07.2017 09:13:36 | Starting separator for user1
13.07.2017 09:13:36 | Starting separator for user2
13.07.2017 10:32:52 | sep1 done
13.07.2017 10:32:52 | sep2 done
13.07.2017 10:32:52 | All separators finished work
13.07.2017 10:32:53 | Starting key's exchanger.
13.07.2017 10:35:10 | Starting divider.
13.07.2017 10:36:18 | Starting empauto for user1
13.07.2017 10:36:18 | Starting empauto for user2
13.07.2017 10:37:32 | emp1 done
13.07.2017 11:47:48 | 

--------------------------------------  13.07.2017 11:47:48  --------------------------------------

13.07.2017 11:48:10 | 

--------------------------------------  13.07.2017 11:48:10  --------------------------------------

13.07.2017 11:49:10 | Starting empauto for user1
13.07.2017 11:49:10 | Starting empauto for user2
13.07.2017 11:49:12 | emp1 done
17.07.2017 15:10:20 | 

--------------------------------------  17.07.2017 15:10:20  --------------------------------------

17.07.2017 15:10:37 | Starting predivider.
17.07.2017 15:11:41 | Starting separator for user1
17.07.2017 15:11:41 | Starting separator for user2
17.07.2017 15:13:51 | sep1 done
17.07.2017 15:13:51 | sep2 done
17.07.2017 15:13:51 | All separators finished work
17.07.2017 15:13:52 | Starting key's exchanger.
17.07.2017 15:15:59 | Starting divider.
17.07.2017 15:17:37 | Starting empauto for user1
17.07.2017 15:17:37 | Starting empauto for user2
17.07.2017 15:18:40 | emp1 done
17.07.2017 15:18:40 | emp2 done
17.07.2017 15:18:40 | All empautos finished work
17.07.2017 15:22:39 | 

--------------------------------------  17.07.2017 15:22:39  --------------------------------------

17.07.2017 15:22:40 | 45.4
17.07.2017 15:22:40 | 21.33
17.07.2017 15:24:02 | 45.4
17.07.2017 15:24:02 | 21.33
17.07.2017 15:24:02 | going to bet
17.07.2017 17:04:07 | 

--------------------------------------  17.07.2017 17:04:07  --------------------------------------

17.07.2017 17:04:08 | 43.4
17.07.2017 17:04:08 | 31.61
17.07.2017 17:05:29 | 43.4
17.07.2017 17:05:29 | 31.61
17.07.2017 17:05:29 | going to bet
17.07.2017 17:05:29 | Staison must bet 43.4$
17.07.2017 17:05:29 | Leha must bet 31.61$
17.07.2017 17:07:25 | Starting withdraw
17.07.2017 17:07:27 | Starting withdraw for user1
17.07.2017 17:07:27 | Starting withdraw for user2
17.07.2017 17:25:47 | with1 done
17.07.2017 17:25:47 | with2 done
17.07.2017 17:25:47 | All users withdrawed
17.07.2017 17:26:42 | Starting predivider.
17.07.2017 17:28:03 | Starting separator for user1
17.07.2017 17:28:03 | Starting separator for user2
17.07.2017 17:32:37 | sep1 done
17.07.2017 17:35:56 | sep2 done
17.07.2017 17:35:57 | All separators finished work
17.07.2017 17:35:58 | Starting key's exchanger.
17.07.2017 17:38:04 | Starting divider.
17.07.2017 17:39:35 | Starting empauto for user1
17.07.2017 17:39:35 | Starting empauto for user2
17.07.2017 17:41:04 | emp1 done
17.07.2017 17:41:04 | emp2 done
17.07.2017 17:41:04 | All empautos finished work
17.07.2017 17:41:06 | 28.71
17.07.2017 17:41:06 | 28.97
17.07.2017 17:42:27 | 30.6
17.07.2017 17:42:27 | 29.86
17.07.2017 17:42:27 | going to bet
17.07.2017 17:42:27 | Staison must bet 30.6$
17.07.2017 17:42:27 | Leha must bet 29.86$
17.07.2017 17:44:30 | Starting withdraw
17.07.2017 17:44:32 | Starting withdraw for user1
17.07.2017 17:44:32 | Starting withdraw for user2
17.07.2017 17:45:58 | with1 done
17.07.2017 17:50:56 | with2 done
17.07.2017 17:50:56 | All users withdrawed
17.07.2017 20:46:48 | 

--------------------------------------  17.07.2017 20:46:48  --------------------------------------

17.07.2017 20:46:52 | Starting predivider.
17.07.2017 20:47:57 | Starting separator for user1
17.07.2017 20:47:57 | Starting separator for user2
17.07.2017 20:49:33 | sep1 done
17.07.2017 20:51:55 | sep2 done
17.07.2017 20:51:55 | All separators finished work
17.07.2017 20:51:56 | Starting key's exchanger.
17.07.2017 20:52:02 | Starting divider.
17.07.2017 20:53:34 | Starting empauto for user1
17.07.2017 20:53:34 | Starting empauto for user2
17.07.2017 20:54:38 | emp1 done
17.07.2017 20:54:38 | emp2 done
17.07.2017 20:54:38 | All empautos finished work
17.07.2017 20:54:40 | 21.56
17.07.2017 20:54:40 | 21.64
17.07.2017 20:56:01 | 24.08
17.07.2017 20:56:01 | 23.57
17.07.2017 20:56:01 | going to bet
17.07.2017 20:56:01 | Staison must bet 24.08$
17.07.2017 20:56:01 | Leha must bet 23.57$
17.07.2017 20:58:00 | Starting withdraw
17.07.2017 20:58:01 | Starting withdraw for user1
17.07.2017 20:58:01 | Starting withdraw for user2
17.07.2017 21:00:49 | with1 done
17.07.2017 21:03:13 | with2 done
17.07.2017 21:03:13 | All users withdrawed
17.07.2017 21:04:21 | Starting predivider.
17.07.2017 21:05:26 | Starting separator for user1
17.07.2017 21:05:26 | Starting separator for user2
17.07.2017 21:10:37 | sep1 done
17.07.2017 21:19:42 | sep2 done
17.07.2017 21:19:42 | All separators finished work
17.07.2017 21:19:43 | Starting key's exchanger.
17.07.2017 21:19:53 | Starting divider.
17.07.2017 21:21:00 | Starting empauto for user1
17.07.2017 21:21:00 | Starting empauto for user2
17.07.2017 21:21:54 | emp1 done
17.07.2017 21:21:55 | emp2 done
17.07.2017 21:21:55 | All empautos finished work
17.07.2017 21:21:57 | 16.88
17.07.2017 21:21:57 | 20.7
17.07.2017 21:23:17 | 24.63
17.07.2017 21:23:17 | 25.25
17.07.2017 21:23:17 | going to bet
17.07.2017 21:23:18 | Staison must bet 24.63$
17.07.2017 21:23:18 | Leha must bet 25.25$
17.07.2017 21:25:22 | Starting withdraw
17.07.2017 21:25:23 | Starting withdraw for user1
17.07.2017 21:25:23 | Starting withdraw for user2
17.07.2017 21:50:09 | with1 done
17.07.2017 22:31:49 | with2 done
17.07.2017 22:31:49 | All users withdrawed
18.07.2017 02:30:23 | 

--------------------------------------  18.07.2017 02:30:23  --------------------------------------

18.07.2017 02:30:25 | string indices must be integers
18.07.2017 02:30:29 | string indices must be integers
18.07.2017 02:30:44 | Starting predivider.
18.07.2017 02:32:12 | Starting separator for user1
18.07.2017 02:32:12 | Starting separator for user2
18.07.2017 02:36:38 | sep1 done
18.07.2017 02:40:25 | sep2 done
18.07.2017 02:40:25 | All separators finished work
18.07.2017 02:40:26 | Starting key's exchanger.
18.07.2017 02:40:34 | Starting divider.
18.07.2017 02:42:11 | Starting empauto for user1
18.07.2017 02:42:11 | Starting empauto for user2
18.07.2017 02:43:16 | emp1 done
18.07.2017 02:43:16 | emp2 done
18.07.2017 02:43:16 | All empautos finished work
18.07.2017 02:43:18 | 18.57
18.07.2017 02:43:18 | 18.0
18.07.2017 02:44:39 | 24.81
18.07.2017 02:44:39 | 24.04
18.07.2017 02:44:39 | going to bet
18.07.2017 02:44:39 | Staison must bet 24.81$
18.07.2017 02:44:39 | Leha must bet 24.04$
18.07.2017 02:46:24 | Starting withdraw
18.07.2017 02:46:26 | Starting withdraw for user1
18.07.2017 02:46:26 | Starting withdraw for user2
18.07.2017 02:59:21 | 

--------------------------------------  18.07.2017 02:59:21  --------------------------------------

18.07.2017 02:59:21 | Starting withdraw for user1
18.07.2017 02:59:21 | Starting withdraw for user2
18.07.2017 03:01:36 | with1 done
18.07.2017 03:46:55 | 

--------------------------------------  18.07.2017 03:46:55  --------------------------------------

18.07.2017 03:46:55 | Starting withdraw for user1
18.07.2017 03:46:55 | Starting withdraw for user2
18.07.2017 03:46:57 | with1 done
18.07.2017 03:56:19 | with2 done
18.07.2017 03:56:19 | All users withdrawed
18.07.2017 03:57:28 | Starting predivider.
18.07.2017 03:58:56 | Starting separator for user1
18.07.2017 03:58:56 | Starting separator for user2
18.07.2017 04:07:42 | sep1 done
18.07.2017 04:07:43 | sep2 done
18.07.2017 04:07:43 | All separators finished work
18.07.2017 04:07:44 | Starting key's exchanger.
18.07.2017 04:07:47 | Starting divider.
18.07.2017 04:08:53 | Starting empauto for user1
18.07.2017 04:08:53 | Starting empauto for user2
18.07.2017 04:09:48 | emp1 done
18.07.2017 04:09:57 | emp2 done
18.07.2017 04:09:57 | All empautos finished work
18.07.2017 04:09:59 | 18.73
18.07.2017 04:09:59 | 21.24
18.07.2017 04:11:20 | 28.56
18.07.2017 04:11:20 | 29.96
18.07.2017 04:11:20 | going to bet
18.07.2017 04:11:20 | Staison must bet 28.56$
18.07.2017 04:11:20 | Leha must bet 29.96$
18.07.2017 04:13:25 | Starting withdraw
18.07.2017 04:13:26 | Starting withdraw for user1
18.07.2017 04:13:26 | Starting withdraw for user2
18.07.2017 04:56:40 | with1 done
18.07.2017 04:56:40 | with2 done
18.07.2017 04:56:40 | All users withdrawed
18.07.2017 05:06:17 | 

--------------------------------------  18.07.2017 05:06:17  --------------------------------------

18.07.2017 05:06:30 | Starting predivider.
18.07.2017 05:07:37 | Starting separator for user1
18.07.2017 05:07:37 | Starting separator for user2
18.07.2017 05:11:35 | sep1 done
18.07.2017 05:18:10 | sep2 done
18.07.2017 05:18:10 | All separators finished work
18.07.2017 05:18:11 | Starting key's exchanger.
18.07.2017 05:21:15 | Starting divider.
18.07.2017 05:22:48 | Starting empauto for user1
18.07.2017 05:22:48 | Starting empauto for user2
18.07.2017 05:23:58 | emp1 done
18.07.2017 05:23:58 | emp2 done
18.07.2017 05:23:58 | All empautos finished work
18.07.2017 05:24:00 | 20.8
18.07.2017 05:24:00 | 23.67
18.07.2017 05:25:21 | 28.26
18.07.2017 05:25:21 | 27.51
18.07.2017 05:25:21 | going to bet
18.07.2017 05:25:21 | Staison must bet 28.26$
18.07.2017 05:25:21 | Leha must bet 27.51$
18.07.2017 05:27:06 | Starting withdraw
18.07.2017 05:27:07 | Starting withdraw for user1
18.07.2017 05:27:07 | Starting withdraw for user2
18.07.2017 05:32:27 | with1 done
18.07.2017 06:16:52 | with2 done
18.07.2017 06:16:52 | All users withdrawed
18.07.2017 06:51:53 | 

--------------------------------------  18.07.2017 06:51:53  --------------------------------------

18.07.2017 06:52:06 | string indices must be integers
18.07.2017 06:52:27 | string indices must be integers
18.07.2017 06:52:35 | Starting predivider.
18.07.2017 06:54:10 | Starting separator for user1
18.07.2017 06:54:10 | Starting separator for user2
18.07.2017 07:03:15 | sep1 done
18.07.2017 07:04:32 | sep2 done
18.07.2017 07:04:32 | All separators finished work
18.07.2017 07:04:33 | Starting key's exchanger.
18.07.2017 07:05:10 | Starting divider.
18.07.2017 07:06:42 | Starting empauto for user1
18.07.2017 07:06:42 | Starting empauto for user2
18.07.2017 07:07:50 | emp1 done
18.07.2017 07:07:50 | emp2 done
18.07.2017 07:07:50 | All empautos finished work
18.07.2017 07:07:52 | 17.96
18.07.2017 07:07:52 | 20.45
18.07.2017 07:09:14 | 23.85
18.07.2017 07:09:14 | 23.09
18.07.2017 07:09:14 | going to bet
18.07.2017 07:09:14 | Staison must bet 23.85$
18.07.2017 07:09:14 | Leha must bet 23.09$
18.07.2017 07:11:13 | Starting withdraw
18.07.2017 07:11:15 | Starting withdraw for user1
18.07.2017 07:11:15 | Starting withdraw for user2
18.07.2017 07:55:09 | 

--------------------------------------  18.07.2017 07:55:09  --------------------------------------

18.07.2017 07:55:09 | Starting withdraw for user1
18.07.2017 07:55:09 | Starting withdraw for user2
18.07.2017 08:42:39 | 

--------------------------------------  18.07.2017 08:42:39  --------------------------------------

18.07.2017 08:42:39 | Starting withdraw for user1
18.07.2017 08:42:39 | Starting withdraw for user2
18.07.2017 08:43:49 | 

--------------------------------------  18.07.2017 08:43:49  --------------------------------------

18.07.2017 08:44:35 | string indices must be integers
18.07.2017 08:44:40 | string indices must be integers
18.07.2017 08:44:56 | 

--------------------------------------  18.07.2017 08:44:56  --------------------------------------

18.07.2017 08:45:26 | Starting predivider.
18.07.2017 08:47:00 | Starting separator for user1
18.07.2017 08:47:00 | Starting separator for user2
18.07.2017 08:58:38 | sep1 done
18.07.2017 08:58:38 | sep2 done
18.07.2017 08:58:38 | All separators finished work
18.07.2017 08:58:39 | Starting key's exchanger.
18.07.2017 08:58:45 | Starting divider.
18.07.2017 09:00:15 | Starting empauto for user1
18.07.2017 09:00:15 | Starting empauto for user2
18.07.2017 09:01:26 | emp1 done
18.07.2017 09:01:26 | emp2 done
18.07.2017 09:01:26 | All empautos finished work
18.07.2017 09:01:27 | 17.02
18.07.2017 09:01:27 | 19.73
18.07.2017 09:02:49 | 23.28
18.07.2017 09:02:49 | 22.53
18.07.2017 09:02:49 | going to bet
18.07.2017 09:02:49 | Staison must bet 23.28$
18.07.2017 09:02:49 | Leha must bet 22.53$
18.07.2017 09:04:45 | Starting withdraw
18.07.2017 09:04:46 | Starting withdraw for user1
18.07.2017 09:04:46 | Starting withdraw for user2
18.07.2017 10:07:55 | with1 done
18.07.2017 10:07:55 | with2 done
18.07.2017 10:07:55 | All users withdrawed
18.07.2017 10:09:04 | Starting predivider.
18.07.2017 10:10:33 | Starting separator for user1
18.07.2017 10:10:33 | Starting separator for user2
18.07.2017 10:14:32 | sep1 done
18.07.2017 10:21:10 | sep2 done
18.07.2017 10:21:11 | All separators finished work
18.07.2017 10:21:12 | Starting key's exchanger.
18.07.2017 10:21:17 | Starting divider.
18.07.2017 10:22:55 | Starting empauto for user1
18.07.2017 10:22:55 | Starting empauto for user2
18.07.2017 10:24:02 | emp1 done
18.07.2017 10:24:05 | emp2 done
18.07.2017 10:24:05 | All empautos finished work
18.07.2017 10:24:07 | 19.02
18.07.2017 10:24:07 | 20.17
18.07.2017 10:25:27 | 23.6
18.07.2017 10:25:27 | 22.83
18.07.2017 10:25:27 | going to bet
18.07.2017 10:25:28 | Staison must bet 23.6$
18.07.2017 10:25:28 | Leha must bet 22.83$
18.07.2017 10:27:13 | Starting withdraw
18.07.2017 10:27:15 | Starting withdraw for user1
18.07.2017 10:27:15 | Starting withdraw for user2
18.07.2017 10:34:26 | with1 done
18.07.2017 11:25:24 | with2 done
18.07.2017 11:25:24 | All users withdrawed
18.07.2017 14:09:05 | 

--------------------------------------  18.07.2017 14:09:05  --------------------------------------

18.07.2017 14:09:15 | Starting predivider.
18.07.2017 14:10:46 | Starting separator for user1
18.07.2017 14:10:46 | Starting separator for user2
18.07.2017 14:19:53 | sep1 done
18.07.2017 14:23:55 | sep2 done
18.07.2017 14:23:55 | All separators finished work
18.07.2017 14:23:56 | Starting key's exchanger.
18.07.2017 14:24:00 | Starting divider.
18.07.2017 14:25:07 | Starting empauto for user1
18.07.2017 14:25:07 | Starting empauto for user2
18.07.2017 14:25:41 | emp1 done
18.07.2017 14:25:43 | emp2 done
18.07.2017 14:25:43 | All empautos finished work
18.07.2017 14:25:45 | 15.65
18.07.2017 14:25:45 | 9.98
18.07.2017 14:27:06 | 22.72
18.07.2017 14:27:06 | 23.93
18.07.2017 14:27:06 | going to bet
18.07.2017 14:27:06 | Staison must bet 22.72$
18.07.2017 14:27:06 | Leha must bet 23.93$
18.07.2017 14:28:58 | Starting withdraw
18.07.2017 14:28:59 | Starting withdraw for user1
18.07.2017 14:28:59 | Starting withdraw for user2
18.07.2017 15:09:01 | with1 done
18.07.2017 15:09:01 | with2 done
18.07.2017 15:09:01 | All users withdrawed
18.07.2017 15:10:06 | Starting predivider.
18.07.2017 15:11:35 | Starting separator for user1
18.07.2017 15:11:35 | Starting separator for user2
18.07.2017 15:20:51 | sep1 done
18.07.2017 15:20:51 | sep2 done
18.07.2017 15:20:51 | All separators finished work
18.07.2017 15:20:52 | Starting key's exchanger.
18.07.2017 15:21:03 | Starting divider.
18.07.2017 15:22:34 | Starting empauto for user1
18.07.2017 15:22:34 | Starting empauto for user2
18.07.2017 15:23:07 | emp1 done
18.07.2017 15:23:07 | emp2 done
18.07.2017 15:23:07 | All empautos finished work
18.07.2017 15:23:08 | 10.49
18.07.2017 15:23:08 | 8.87
18.07.2017 15:24:29 | 20.41
18.07.2017 15:24:29 | 19.67
18.07.2017 15:24:29 | going to bet
18.07.2017 15:24:29 | Staison must bet 20.41$
18.07.2017 15:24:29 | Leha must bet 19.67$
18.07.2017 15:26:22 | Starting withdraw
18.07.2017 15:26:23 | Starting withdraw for user1
18.07.2017 15:26:23 | Starting withdraw for user2
18.07.2017 16:09:31 | with1 done
18.07.2017 16:09:31 | with2 done
18.07.2017 16:09:31 | All users withdrawed
18.07.2017 16:10:20 | string indices must be integers
18.07.2017 16:10:41 | string indices must be integers
18.07.2017 16:10:55 | string indices must be integers
18.07.2017 16:11:07 | string indices must be integers
18.07.2017 16:11:18 | string indices must be integers
18.07.2017 16:11:32 | string indices must be integers
18.07.2017 16:11:38 | string indices must be integers
18.07.2017 16:11:43 | string indices must be integers
18.07.2017 16:11:58 | string indices must be integers
18.07.2017 16:12:23 | string indices must be integers
18.07.2017 16:12:47 | string indices must be integers
18.07.2017 16:13:09 | string indices must be integers
18.07.2017 16:13:51 | Starting predivider.
18.07.2017 16:38:26 | Starting separator for user1
18.07.2017 16:38:26 | Starting separator for user2
18.07.2017 16:46:48 | sep1 done
18.07.2017 16:46:48 | sep2 done
18.07.2017 16:46:48 | All separators finished work
18.07.2017 16:46:49 | Starting key's exchanger.
18.07.2017 16:46:55 | Starting divider.
18.07.2017 16:48:26 | Starting empauto for user1
18.07.2017 16:48:26 | Starting empauto for user2
18.07.2017 16:50:10 | emp1 done
18.07.2017 16:54:45 | emp2 done
18.07.2017 16:54:45 | All empautos finished work
18.07.2017 16:54:47 | 20.51
18.07.2017 16:54:47 | 10.21
18.07.2017 16:56:09 | 20.51
18.07.2017 16:56:09 | 20.52
18.07.2017 16:56:09 | going to bet
18.07.2017 16:56:09 | Staison must bet 20.51$
18.07.2017 16:56:09 | Leha must bet 20.52$
18.07.2017 16:58:11 | Starting withdraw
18.07.2017 16:58:13 | Starting withdraw for user1
18.07.2017 16:58:13 | Starting withdraw for user2
18.07.2017 17:03:28 | with1 done
18.07.2017 18:18:26 | with2 done
18.07.2017 18:18:26 | All users withdrawed
18.07.2017 18:19:50 | Starting predivider.
18.07.2017 18:21:32 | Starting separator for user1
18.07.2017 18:21:32 | Starting separator for user2
18.07.2017 18:32:32 | sep1 done
18.07.2017 18:33:33 | sep2 done
18.07.2017 18:33:33 | All separators finished work
18.07.2017 18:33:34 | Starting key's exchanger.
18.07.2017 18:33:58 | Starting divider.
18.07.2017 18:35:29 | Starting empauto for user1
18.07.2017 18:35:29 | Starting empauto for user2
18.07.2017 18:36:21 | emp1 done
18.07.2017 18:36:28 | emp2 done
18.07.2017 18:36:28 | All empautos finished work
18.07.2017 18:42:37 | 19.32
18.07.2017 18:42:37 | 21.64
18.07.2017 18:43:58 | 21.65
18.07.2017 18:43:58 | 21.64
18.07.2017 18:43:58 | going to bet
18.07.2017 18:43:58 | Staison must bet 21.65$
18.07.2017 18:43:58 | Leha must bet 21.64$
18.07.2017 18:45:46 | Starting withdraw
18.07.2017 18:45:47 | Starting withdraw for user1
18.07.2017 18:45:47 | Starting withdraw for user2
18.07.2017 18:50:38 | with1 done
18.07.2017 18:58:20 | with2 done
18.07.2017 18:58:20 | All users withdrawed
18.07.2017 22:52:07 | 

--------------------------------------  18.07.2017 22:52:07  --------------------------------------

18.07.2017 22:52:23 | Starting predivider.
18.07.2017 22:53:53 | Starting separator for user1
18.07.2017 22:53:53 | Starting separator for user2
18.07.2017 22:59:32 | sep1 done
18.07.2017 23:03:00 | sep2 done
18.07.2017 23:03:00 | All separators finished work
18.07.2017 23:03:01 | Starting key's exchanger.
18.07.2017 23:03:06 | Starting divider.
18.07.2017 23:04:12 | Starting empauto for user1
18.07.2017 23:04:12 | Starting empauto for user2
18.07.2017 23:05:16 | emp1 done
18.07.2017 23:05:16 | emp2 done
18.07.2017 23:05:16 | All empautos finished work
18.07.2017 23:05:18 | 17.47
18.07.2017 23:05:18 | 17.26
18.07.2017 23:06:39 | 23.55
18.07.2017 23:06:39 | 24.75
18.07.2017 23:06:39 | going to bet
18.07.2017 23:06:39 | Staison must bet 23.55$
18.07.2017 23:06:39 | Leha must bet 24.75$
18.07.2017 23:21:22 | 

--------------------------------------  18.07.2017 23:21:22  --------------------------------------

18.07.2017 23:21:22 | Starting withdraw for user1
18.07.2017 23:21:22 | Starting withdraw for user2
18.07.2017 23:23:38 | with1 done
18.07.2017 23:47:24 | with2 done
18.07.2017 23:47:24 | All users withdrawed
18.07.2017 23:48:27 | Starting predivider.
18.07.2017 23:50:56 | Starting separator for user1
18.07.2017 23:50:56 | Starting separator for user2
18.07.2017 23:59:52 | sep1 done
18.07.2017 23:59:52 | sep2 done
18.07.2017 23:59:52 | All separators finished work
18.07.2017 23:59:53 | Starting key's exchanger.
18.07.2017 23:59:58 | Starting divider.
19.07.2017 00:01:30 | Starting empauto for user1
19.07.2017 00:01:30 | Starting empauto for user2
19.07.2017 00:02:32 | emp1 done
19.07.2017 00:02:32 | emp2 done
19.07.2017 00:02:32 | All empautos finished work
19.07.2017 00:02:34 | 18.57
19.07.2017 00:02:34 | 17.75
19.07.2017 00:03:55 | 24.4
19.07.2017 00:03:55 | 25.13
19.07.2017 00:03:55 | going to bet
19.07.2017 00:03:55 | Staison must bet 24.4$
19.07.2017 00:03:55 | Leha must bet 25.13$
19.07.2017 00:06:00 | Starting withdraw
19.07.2017 00:06:01 | Starting withdraw for user1
19.07.2017 00:06:01 | Starting withdraw for user2
19.07.2017 00:42:56 | with1 done
19.07.2017 00:42:56 | with2 done
19.07.2017 00:42:56 | All users withdrawed
19.07.2017 00:43:35 | string indices must be integers
19.07.2017 00:56:44 | 

--------------------------------------  19.07.2017 00:56:44  --------------------------------------

19.07.2017 00:56:59 | string indices must be integers
19.07.2017 00:57:06 | Starting predivider.
19.07.2017 00:59:09 | Starting separator for user1
19.07.2017 00:59:09 | Starting separator for user2
19.07.2017 01:04:59 | sep1 done
19.07.2017 01:16:16 | sep2 done
19.07.2017 01:16:17 | All separators finished work
19.07.2017 01:16:18 | Starting key's exchanger.
19.07.2017 01:16:23 | Starting divider.
19.07.2017 01:17:53 | Starting empauto for user1
19.07.2017 01:17:53 | Starting empauto for user2
19.07.2017 01:18:29 | emp1 done
19.07.2017 01:18:29 | emp2 done
19.07.2017 01:18:29 | All empautos finished work
19.07.2017 01:18:32 | 10.66
19.07.2017 01:18:32 | 9.56
19.07.2017 01:19:54 | 18.72
19.07.2017 01:19:54 | 18.91
19.07.2017 01:19:54 | going to bet
19.07.2017 01:19:54 | Staison must bet 18.72$
19.07.2017 01:19:54 | Leha must bet 18.91$
19.07.2017 01:21:45 | Starting withdraw
19.07.2017 01:21:47 | Starting withdraw for user1
19.07.2017 01:21:47 | Starting withdraw for user2
19.07.2017 01:24:28 | with1 done
19.07.2017 02:02:06 | with2 done
19.07.2017 02:02:06 | All users withdrawed
19.07.2017 07:25:36 | 

--------------------------------------  19.07.2017 07:25:36  --------------------------------------

19.07.2017 07:25:52 | Starting predivider.
19.07.2017 07:27:22 | Starting separator for user1
19.07.2017 07:27:22 | Starting separator for user2
19.07.2017 07:34:30 | sep1 done
19.07.2017 07:34:30 | sep2 done
19.07.2017 07:34:30 | All separators finished work
19.07.2017 07:34:31 | Starting key's exchanger.
19.07.2017 07:34:51 | Starting divider.
19.07.2017 07:35:58 | Starting empauto for user1
19.07.2017 07:35:58 | Starting empauto for user2
19.07.2017 07:36:38 | emp1 done
19.07.2017 07:37:13 | emp2 done
19.07.2017 07:37:13 | All empautos finished work
19.07.2017 07:37:14 | 20.62
19.07.2017 07:37:14 | 20.63
19.07.2017 07:38:36 | 20.62
19.07.2017 07:38:36 | 21.46
19.07.2017 07:38:36 | going to bet
19.07.2017 07:38:36 | Staison must bet 20.62$
19.07.2017 07:38:36 | Leha must bet 21.46$
19.07.2017 07:40:20 | Starting withdraw
19.07.2017 07:40:21 | Starting withdraw for user1
19.07.2017 07:40:21 | Starting withdraw for user2
19.07.2017 07:47:11 | with1 done
19.07.2017 08:17:29 | with2 done
19.07.2017 08:17:29 | All users withdrawed
19.07.2017 08:18:46 | Starting predivider.
19.07.2017 08:20:26 | Starting separator for user1
19.07.2017 08:20:26 | Starting separator for user2
19.07.2017 08:31:15 | sep1 done
19.07.2017 08:31:15 | sep2 done
19.07.2017 08:31:15 | All separators finished work
19.07.2017 08:31:16 | Starting key's exchanger.
19.07.2017 08:31:23 | Starting divider.
19.07.2017 08:32:54 | Starting empauto for user1
19.07.2017 08:32:54 | Starting empauto for user2
19.07.2017 08:34:06 | emp1 done
19.07.2017 08:34:16 | emp2 done
19.07.2017 08:34:16 | All empautos finished work
19.07.2017 08:34:18 | 18.55
19.07.2017 08:34:18 | 17.67
19.07.2017 08:35:38 | 23.77
19.07.2017 08:35:38 | 23.78
19.07.2017 08:35:38 | going to bet
19.07.2017 08:35:39 | Staison must bet 23.77$
19.07.2017 08:35:39 | Leha must bet 23.78$
19.07.2017 08:37:20 | Starting withdraw
19.07.2017 08:37:22 | Starting withdraw for user1
19.07.2017 08:37:22 | Starting withdraw for user2
19.07.2017 09:40:48 | with1 done
19.07.2017 09:40:48 | with2 done
19.07.2017 09:40:48 | All users withdrawed
19.07.2017 14:31:49 | 

--------------------------------------  19.07.2017 14:31:49  --------------------------------------

19.07.2017 14:32:00 | Starting predivider.
19.07.2017 14:34:27 | Starting separator for user1
19.07.2017 14:34:27 | Starting separator for user2
19.07.2017 14:37:56 | sep1 done
19.07.2017 14:39:08 | sep2 done
19.07.2017 14:39:08 | All separators finished work
19.07.2017 14:39:09 | Starting key's exchanger.
19.07.2017 14:39:47 | Starting divider.
19.07.2017 14:41:18 | Starting empauto for user1
19.07.2017 14:41:18 | Starting empauto for user2
19.07.2017 14:42:25 | emp1 done
19.07.2017 14:42:25 | emp2 done
19.07.2017 14:42:25 | All empautos finished work
19.07.2017 14:42:27 | 19.02
19.07.2017 14:42:27 | 18.58
19.07.2017 14:43:48 | 20.96
19.07.2017 14:43:48 | 20.97
19.07.2017 14:43:48 | going to bet
19.07.2017 14:43:48 | Staison must bet 20.96$
19.07.2017 14:43:48 | Leha must bet 20.97$
19.07.2017 14:45:47 | Starting withdraw
19.07.2017 14:45:48 | Starting withdraw for user1
19.07.2017 14:45:48 | Starting withdraw for user2
19.07.2017 15:53:43 | with1 done
19.07.2017 15:53:43 | with2 done
19.07.2017 15:53:43 | All users withdrawed
19.07.2017 15:54:38 | Starting predivider.
19.07.2017 15:56:38 | Starting separator for user1
19.07.2017 15:56:38 | Starting separator for user2
19.07.2017 16:05:47 | sep1 done
19.07.2017 16:07:19 | sep2 done
19.07.2017 16:07:19 | All separators finished work
19.07.2017 16:07:20 | Starting key's exchanger.
19.07.2017 16:07:37 | Starting divider.
19.07.2017 16:08:45 | Starting empauto for user1
19.07.2017 16:08:45 | Starting empauto for user2
19.07.2017 16:09:56 | emp1 done
19.07.2017 16:09:56 | emp2 done
19.07.2017 16:09:56 | All empautos finished work
19.07.2017 16:09:59 | 17.22
19.07.2017 16:09:59 | 10.7
19.07.2017 16:11:20 | 21.32
19.07.2017 16:11:20 | 20.41
19.07.2017 16:11:20 | going to bet
19.07.2017 16:11:21 | Staison must bet 21.32$
19.07.2017 16:11:21 | Leha must bet 20.41$
19.07.2017 16:13:04 | Starting withdraw
19.07.2017 16:13:06 | Starting withdraw for user1
19.07.2017 16:13:06 | Starting withdraw for user2
19.07.2017 16:50:14 | with1 done
19.07.2017 16:50:14 | with2 done
19.07.2017 16:50:14 | All users withdrawed
